[?9001h[?1004h[?25l[2J[m[2;1H> @mutualzz/ui-core@ build C:\Users\matem\Desktop\Mutualzz\packages\ui-core
> pnpm typecheck && bunchee[5;1H]0;C:\WINDOWS\system32\cmd.exe[?25h[?25l
> @mutualzz/ui-core@ typecheck C:\Users\matem\Desktop\Mutualzz\packages\ui-core
> tsc --noEmit[9;1H[?25h[?25l[32m⠋ [mBuilding...[32m⠙ [mBuilding...[K
[K
[K[217C[32m[9;1H⠹ [mBuilding...[K
[K
[K[217C[32m[9;1H⠸ [mBuilding...[K
[K
[K[217C[32m[9;1H⠼ [mBuilding...[K
[K
[K[217C[32m[9;1H⠴ [mBuilding...[K
[K
[K[217C[32m[9;1H⠦ [mBuilding...[K
[K
[K[217C[4m[9;1HExports[24m  [4mFile[24m[13X[4m[13CSize[24m[K
.        [1mdist/index.cjs[22m   62.6 kB[K
[9X[1m[9Cdist/index.mjs[22m   60.3 kB[K
[9X[2m[9Cdist/index.d.ts[22m  31.6 kB
[?25h[?9001l[?1004l
